This is pdfTeX, Version 3.141592653-2.6-1.40.24 (TeX Live 2022) (preloaded format=pdflatex 2022.5.10)  21 MAY 2022 21:22
entering extended mode
 restricted \write18 enabled.
 %&-line parsing enabled.
**tesis.tex
(./tesis.tex
LaTeX2e <2021-11-15> patch level 1
L3 programming layer <2022-05-04> (./templates/facsothesis.cls
Document Class: templates/facsothesis 2004/01/27 The Reed College Thesis Class
(c:/Users/Mar/AppData/Roaming/TinyTeX/texmf-dist/tex/latex/base/book.cls
Document Class: book 2021/10/04 v1.4n Standard LaTeX document class
(c:/Users/Mar/AppData/Roaming/TinyTeX/texmf-dist/tex/latex/base/bk12.clo
File: bk12.clo 2021/10/04 v1.4n Standard LaTeX file (size option)
)
\c@part=\count185
\c@chapter=\count186
\c@section=\count187
\c@subsection=\count188
\c@subsubsection=\count189
\c@paragraph=\count190
\c@subparagraph=\count191
\c@figure=\count192
\c@table=\count193
\abovecaptionskip=\skip47
\belowcaptionskip=\skip48
\bibindent=\dimen138
) (c:/Users/Mar/AppData/Roaming/TinyTeX/texmf-dist/tex/latex/fancyhdr/fancyhdr.sty
Package: fancyhdr 2022/05/18 v4.0.3 Extensive control of page headers and footers
\f@nch@headwidth=\skip49
\f@nch@O@elh=\skip50
\f@nch@O@erh=\skip51
\f@nch@O@olh=\skip52
\f@nch@O@orh=\skip53
\f@nch@O@elf=\skip54
\f@nch@O@erf=\skip55
\f@nch@O@olf=\skip56
\f@nch@O@orf=\skip57
) (c:/Users/Mar/AppData/Roaming/TinyTeX/texmf-dist/tex/latex/fancyvrb/fancyvrb.sty
Package: fancyvrb 2022/04/12 4.2 verbatim text (tvz,hv)
(c:/Users/Mar/AppData/Roaming/TinyTeX/texmf-dist/tex/latex/graphics/keyval.sty
Package: keyval 2014/10/28 v1.15 key=value parser (DPC)
\KV@toks@=\toks16
)
\FV@CodeLineNo=\count194
\FV@InFile=\read2
\FV@TabBox=\box50
\c@FancyVerbLine=\count195
\FV@StepNumber=\count196
\FV@OutFile=\write3
) (c:/Users/Mar/AppData/Roaming/TinyTeX/texmf-dist/tex/generic/iftex/ifxetex.sty
Package: ifxetex 2019/10/25 v0.7 ifxetex legacy package. Use iftex instead.
(c:/Users/Mar/AppData/Roaming/TinyTeX/texmf-dist/tex/generic/iftex/iftex.sty
Package: iftex 2022/02/03 v1.0f TeX engine tests
)) (c:/Users/Mar/AppData/Roaming/TinyTeX/texmf-dist/tex/generic/iftex/ifluatex.sty
Package: ifluatex 2019/10/25 v1.5 ifluatex legacy package. Use iftex instead.
) (c:/Users/Mar/AppData/Roaming/TinyTeX/texmf-dist/tex/latex/base/fixltx2e.sty
Package: fixltx2e 2016/12/29 v2.1a fixes to LaTeX (obsolete)
Applying: [2015/01/01] Old fixltx2e package on input line 46.

Package fixltx2e Warning: fixltx2e is not required with releases after 2015
(fixltx2e)                All fixes are now in the LaTeX kernel.
(fixltx2e)                See the latexrelease package for details.

Already applied: [0000/00/00] Old fixltx2e package on input line 53.
) (c:/Users/Mar/AppData/Roaming/TinyTeX/texmf-dist/tex/latex/base/fontenc.sty
Package: fontenc 2021/04/29 v2.0v Standard LaTeX package
) (c:/Users/Mar/AppData/Roaming/TinyTeX/texmf-dist/tex/latex/base/inputenc.sty
Package: inputenc 2021/02/14 v1.3d Input encoding file
\inpenc@prehook=\toks17
\inpenc@posthook=\toks18
) (c:/Users/Mar/AppData/Roaming/TinyTeX/texmf-dist/tex/latex/graphics/color.sty
Package: color 2021/12/07 v1.3c Standard LaTeX Color (DPC)
(c:/Users/Mar/AppData/Roaming/TinyTeX/texmf-dist/tex/latex/graphics-cfg/color.cfg
File: color.cfg 2016/01/02 v1.6 sample color configuration
)
Package color Info: Driver file: pdftex.def on input line 149.
(c:/Users/Mar/AppData/Roaming/TinyTeX/texmf-dist/tex/latex/graphics-def/pdftex.def
File: pdftex.def 2020/10/05 v1.2a Graphics/color driver for pdftex
)) (c:/Users/Mar/AppData/Roaming/TinyTeX/texmf-dist/tex/latex/framed/framed.sty
Package: framed 2011/10/22 v 0.96: framed or shaded text with page breaks
\OuterFrameSep=\skip58
\fb@frw=\dimen139
\fb@frh=\dimen140
\FrameRule=\dimen141
\FrameSep=\dimen142
)) (c:/Users/Mar/AppData/Roaming/TinyTeX/texmf-dist/tex/generic/babel/babel.sty
Package: babel 2022/04/30 3.74 The Babel package
\babel@savecnt=\count197
\U@D=\dimen143
\l@unhyphenated=\language4
(c:/Users/Mar/AppData/Roaming/TinyTeX/texmf-dist/tex/generic/babel/txtbabel.def)
\bbl@readstream=\read3
\bbl@dirlevel=\count198
(c:/Users/Mar/AppData/Roaming/TinyTeX/texmf-dist/tex/generic/babel-spanish/spanish.ldf
Language: spanish.ldf 2021/05/27 v5.0q Spanish support from the babel system
\es@quottoks=\toks19
\es@quotdepth=\count199
Package babel Info: Making " an active character on input line 570.
Package babel Info: Making . an active character on input line 675.
Package babel Info: Making < an active character on input line 722.
Package babel Info: Making > an active character on input line 722.
)) (c:/Users/Mar/AppData/Roaming/TinyTeX/texmf-dist/tex/latex/graphics/graphicx.sty
Package: graphicx 2021/09/16 v1.2d Enhanced LaTeX Graphics (DPC,SPQR)
(c:/Users/Mar/AppData/Roaming/TinyTeX/texmf-dist/tex/latex/graphics/graphics.sty
Package: graphics 2021/03/04 v1.4d Standard LaTeX Graphics (DPC,SPQR)
(c:/Users/Mar/AppData/Roaming/TinyTeX/texmf-dist/tex/latex/graphics/trig.sty
Package: trig 2021/08/11 v1.11 sin cos tan (DPC)
) (c:/Users/Mar/AppData/Roaming/TinyTeX/texmf-dist/tex/latex/graphics-cfg/graphics.cfg
File: graphics.cfg 2016/06/04 v1.11 sample graphics configuration
)
Package graphics Info: Driver file: pdftex.def on input line 107.
)
\Gin@req@height=\dimen144
\Gin@req@width=\dimen145
) (c:/Users/Mar/AppData/Roaming/TinyTeX/texmf-dist/tex/latex/base/latexsym.sty
Package: latexsym 1998/08/17 v2.2e Standard LaTeX package (lasy symbols)
\symlasy=\mathgroup4
LaTeX Font Info:    Overwriting symbol font `lasy' in version `bold'
(Font)                  U/lasy/m/n --> U/lasy/b/n on input line 52.
) (c:/Users/Mar/AppData/Roaming/TinyTeX/texmf-dist/tex/latex/amsmath/amsmath.sty
Package: amsmath 2021/10/15 v2.17l AMS math features
\@mathmargin=\skip59
For additional information on amsmath, use the `?' option.
(c:/Users/Mar/AppData/Roaming/TinyTeX/texmf-dist/tex/latex/amsmath/amstext.sty
Package: amstext 2021/08/26 v2.01 AMS text
(c:/Users/Mar/AppData/Roaming/TinyTeX/texmf-dist/tex/latex/amsmath/amsgen.sty
File: amsgen.sty 1999/11/30 v2.0 generic functions
\@emptytoks=\toks20
\ex@=\dimen146
)) (c:/Users/Mar/AppData/Roaming/TinyTeX/texmf-dist/tex/latex/amsmath/amsbsy.sty
Package: amsbsy 1999/11/29 v1.2d Bold Symbols
\pmbraise@=\dimen147
) (c:/Users/Mar/AppData/Roaming/TinyTeX/texmf-dist/tex/latex/amsmath/amsopn.sty
Package: amsopn 2021/08/26 v2.02 operator names
)
\inf@bad=\count266
LaTeX Info: Redefining \frac on input line 234.
\uproot@=\count267
\leftroot@=\count268
LaTeX Info: Redefining \overline on input line 399.
\classnum@=\count269
\DOTSCASE@=\count270
LaTeX Info: Redefining \ldots on input line 496.
LaTeX Info: Redefining \dots on input line 499.
LaTeX Info: Redefining \cdots on input line 620.
\Mathstrutbox@=\box51
\strutbox@=\box52
\big@size=\dimen148
LaTeX Font Info:    Redeclaring font encoding OML on input line 743.
LaTeX Font Info:    Redeclaring font encoding OMS on input line 744.
\macc@depth=\count271
\c@MaxMatrixCols=\count272
\dotsspace@=\muskip16
\c@parentequation=\count273
\dspbrk@lvl=\count274
\tag@help=\toks21
\row@=\count275
\column@=\count276
\maxfields@=\count277
\andhelp@=\toks22
\eqnshift@=\dimen149
\alignsep@=\dimen150
\tagshift@=\dimen151
\tagwidth@=\dimen152
\totwidth@=\dimen153
\lineht@=\dimen154
\@envbody=\toks23
\multlinegap=\skip60
\multlinetaggap=\skip61
\mathdisplay@stack=\toks24
LaTeX Info: Redefining \[ on input line 2938.
LaTeX Info: Redefining \] on input line 2939.
) (c:/Users/Mar/AppData/Roaming/TinyTeX/texmf-dist/tex/latex/amsfonts/amssymb.sty
Package: amssymb 2013/01/14 v3.01 AMS font symbols
(c:/Users/Mar/AppData/Roaming/TinyTeX/texmf-dist/tex/latex/amsfonts/amsfonts.sty
Package: amsfonts 2013/01/14 v3.01 Basic AMSFonts support
\symAMSa=\mathgroup5
\symAMSb=\mathgroup6
LaTeX Font Info:    Redeclaring math symbol \hbar on input line 98.
LaTeX Font Info:    Overwriting math alphabet `\mathfrak' in version `bold'
(Font)                  U/euf/m/n --> U/euf/b/n on input line 106.
)) (c:/Users/Mar/AppData/Roaming/TinyTeX/texmf-dist/tex/latex/amscls/amsthm.sty
Package: amsthm 2020/05/29 v2.20.6
\thm@style=\toks25
\thm@bodyfont=\toks26
\thm@headfont=\toks27
\thm@notefont=\toks28
\thm@headpunct=\toks29
\thm@preskip=\skip62
\thm@postskip=\skip63
\thm@headsep=\skip64
\dth@everypar=\toks30
) (c:/Users/Mar/AppData/Roaming/TinyTeX/texmf-dist/tex/latex/tools/longtable.sty
Package: longtable 2021-09-01 v4.17 Multi-page Table package (DPC)
\LTleft=\skip65
\LTright=\skip66
\LTpre=\skip67
\LTpost=\skip68
\LTchunksize=\count278
\LTcapwidth=\dimen155
\LT@head=\box53
\LT@firsthead=\box54
\LT@foot=\box55
\LT@lastfoot=\box56
\LT@gbox=\box57
\LT@cols=\count279
\LT@rows=\count280
\c@LT@tables=\count281
\c@LT@chunks=\count282
\LT@p@ftn=\toks31
) (c:/Users/Mar/AppData/Roaming/TinyTeX/texmf-dist/tex/latex/booktabs/booktabs.sty
Package: booktabs 2020/01/12 v1.61803398 Publication quality tables
\heavyrulewidth=\dimen156
\lightrulewidth=\dimen157
\cmidrulewidth=\dimen158
\belowrulesep=\dimen159
\belowbottomsep=\dimen160
\aboverulesep=\dimen161
\abovetopsep=\dimen162
\cmidrulesep=\dimen163
\cmidrulekern=\dimen164
\defaultaddspace=\dimen165
\@cmidla=\count283
\@cmidlb=\count284
\@aboverulesep=\dimen166
\@belowrulesep=\dimen167
\@thisruleclass=\count285
\@lastruleclass=\count286
\@thisrulewidth=\dimen168
) (c:/Users/Mar/AppData/Roaming/TinyTeX/texmf-dist/tex/latex/setspace/setspace.sty
Package: setspace 2011/12/19 v6.7a set line spacing
) (c:/Users/Mar/AppData/Roaming/TinyTeX/texmf-dist/tex/latex/oberdiek/chemarr.sty
Package: chemarr 2016/05/16 v1.3 Arrows for chemical reactions (HO)
) (c:/Users/Mar/AppData/Roaming/TinyTeX/texmf-dist/tex/latex/url/url.sty
\Urlmuskip=\muskip17
Package: url 2013/09/16  ver 3.4  Verb mode for urls, etc.
) (c:/Users/Mar/AppData/Roaming/TinyTeX/texmf-dist/tex/latex/hyperref/hyperref.sty
Package: hyperref 2022-05-17 v7.00q Hypertext links for LaTeX
(c:/Users/Mar/AppData/Roaming/TinyTeX/texmf-dist/tex/generic/ltxcmds/ltxcmds.sty
Package: ltxcmds 2020-05-10 v1.25 LaTeX kernel commands for general use (HO)
) (c:/Users/Mar/AppData/Roaming/TinyTeX/texmf-dist/tex/generic/pdftexcmds/pdftexcmds.sty
Package: pdftexcmds 2020-06-27 v0.33 Utility functions of pdfTeX for LuaTeX (HO)
(c:/Users/Mar/AppData/Roaming/TinyTeX/texmf-dist/tex/generic/infwarerr/infwarerr.sty
Package: infwarerr 2019/12/03 v1.5 Providing info/warning/error messages (HO)
)
Package pdftexcmds Info: \pdf@primitive is available.
Package pdftexcmds Info: \pdf@ifprimitive is available.
Package pdftexcmds Info: \pdfdraftmode found.
) (c:/Users/Mar/AppData/Roaming/TinyTeX/texmf-dist/tex/generic/kvsetkeys/kvsetkeys.sty
Package: kvsetkeys 2019/12/15 v1.18 Key value parser (HO)
) (c:/Users/Mar/AppData/Roaming/TinyTeX/texmf-dist/tex/generic/kvdefinekeys/kvdefinekeys.sty
Package: kvdefinekeys 2019-12-19 v1.6 Define keys (HO)
) (c:/Users/Mar/AppData/Roaming/TinyTeX/texmf-dist/tex/generic/pdfescape/pdfescape.sty
Package: pdfescape 2019/12/09 v1.15 Implements pdfTeX's escape features (HO)
) (c:/Users/Mar/AppData/Roaming/TinyTeX/texmf-dist/tex/latex/hycolor/hycolor.sty
Package: hycolor 2020-01-27 v1.10 Color options for hyperref/bookmark (HO)
) (c:/Users/Mar/AppData/Roaming/TinyTeX/texmf-dist/tex/latex/letltxmacro/letltxmacro.sty
Package: letltxmacro 2019/12/03 v1.6 Let assignment for LaTeX macros (HO)
) (c:/Users/Mar/AppData/Roaming/TinyTeX/texmf-dist/tex/latex/auxhook/auxhook.sty
Package: auxhook 2019-12-17 v1.6 Hooks for auxiliary files (HO)
) (c:/Users/Mar/AppData/Roaming/TinyTeX/texmf-dist/tex/latex/hyperref/nameref.sty
Package: nameref 2022-05-17 v2.50 Cross-referencing by name of section
(c:/Users/Mar/AppData/Roaming/TinyTeX/texmf-dist/tex/latex/refcount/refcount.sty
Package: refcount 2019/12/15 v3.6 Data extraction from label references (HO)
) (c:/Users/Mar/AppData/Roaming/TinyTeX/texmf-dist/tex/generic/gettitlestring/gettitlestring.sty
Package: gettitlestring 2019/12/15 v1.6 Cleanup title references (HO)
(c:/Users/Mar/AppData/Roaming/TinyTeX/texmf-dist/tex/latex/kvoptions/kvoptions.sty
Package: kvoptions 2020-10-07 v3.14 Key value format for package options (HO)
))
\c@section@level=\count287
)
\@linkdim=\dimen169
\Hy@linkcounter=\count288
\Hy@pagecounter=\count289
(c:/Users/Mar/AppData/Roaming/TinyTeX/texmf-dist/tex/latex/hyperref/pd1enc.def
File: pd1enc.def 2022-05-17 v7.00q Hyperref: PDFDocEncoding definition (HO)
Now handling font encoding PD1 ...
... no UTF-8 mapping file for font encoding PD1
) (c:/Users/Mar/AppData/Roaming/TinyTeX/texmf-dist/tex/generic/intcalc/intcalc.sty
Package: intcalc 2019/12/15 v1.3 Expandable calculations with integers (HO)
) (c:/Users/Mar/AppData/Roaming/TinyTeX/texmf-dist/tex/generic/etexcmds/etexcmds.sty
Package: etexcmds 2019/12/15 v1.7 Avoid name clashes with e-TeX commands (HO)
)
\Hy@SavedSpaceFactor=\count290
(c:/Users/Mar/AppData/Roaming/TinyTeX/texmf-dist/tex/latex/hyperref/puenc.def
File: puenc.def 2022-05-17 v7.00q Hyperref: PDF Unicode definition (HO)
Now handling font encoding PU ...
... no UTF-8 mapping file for font encoding PU
)
Package hyperref Info: Option `colorlinks' set `true' on input line 4020.
Package hyperref Info: Hyper figures OFF on input line 4139.
Package hyperref Info: Link nesting OFF on input line 4144.
Package hyperref Info: Hyper index ON on input line 4147.
Package hyperref Info: Plain pages OFF on input line 4154.
Package hyperref Info: Backreferencing OFF on input line 4159.
Package hyperref Info: Implicit mode ON; LaTeX internals redefined.
Package hyperref Info: Bookmarks ON on input line 4385.
\c@Hy@tempcnt=\count291
LaTeX Info: Redefining \url on input line 4723.
\XeTeXLinkMargin=\dimen170
(c:/Users/Mar/AppData/Roaming/TinyTeX/texmf-dist/tex/generic/bitset/bitset.sty
Package: bitset 2019/12/09 v1.3 Handle bit-vector datatype (HO)
(c:/Users/Mar/AppData/Roaming/TinyTeX/texmf-dist/tex/generic/bigintcalc/bigintcalc.sty
Package: bigintcalc 2019/12/15 v1.5 Expandable calculations on big integers (HO)
))
\Fld@menulength=\count292
\Field@Width=\dimen171
\Fld@charsize=\dimen172
Package hyperref Info: Hyper figures OFF on input line 6001.
Package hyperref Info: Link nesting OFF on input line 6006.
Package hyperref Info: Hyper index ON on input line 6009.
Package hyperref Info: backreferencing OFF on input line 6016.
Package hyperref Info: Link coloring ON on input line 6019.
Package hyperref Info: Link coloring with OCG OFF on input line 6026.
Package hyperref Info: PDF/A mode OFF on input line 6031.
LaTeX Info: Redefining \ref on input line 6078.
LaTeX Info: Redefining \pageref on input line 6078.
(c:/Users/Mar/AppData/Roaming/TinyTeX/texmf-dist/tex/latex/base/atbegshi-ltx.sty
Package: atbegshi-ltx 2021/01/10 v1.0c Emulation of the original atbegshi
package with kernel methods
)
\Hy@abspage=\count293
\c@Item=\count294
\c@Hfootnote=\count295
)
Package hyperref Info: Driver (autodetected): hpdftex.
(c:/Users/Mar/AppData/Roaming/TinyTeX/texmf-dist/tex/latex/hyperref/hpdftex.def
File: hpdftex.def 2022-05-17 v7.00q Hyperref driver for pdfTeX
(c:/Users/Mar/AppData/Roaming/TinyTeX/texmf-dist/tex/latex/base/atveryend-ltx.sty
Package: atveryend-ltx 2020/08/19 v1.0a Emulation of the original atveryend package
with kernel methods
)
\Fld@listcount=\count296
\c@bookmark@seq@number=\count297
(c:/Users/Mar/AppData/Roaming/TinyTeX/texmf-dist/tex/latex/rerunfilecheck/rerunfilecheck.sty
Package: rerunfilecheck 2019/12/05 v1.9 Rerun checks for auxiliary files (HO)
(c:/Users/Mar/AppData/Roaming/TinyTeX/texmf-dist/tex/generic/uniquecounter/uniquecounter.sty
Package: uniquecounter 2019/12/15 v1.4 Provide unlimited unique counter (HO)
)
Package uniquecounter Info: New unique counter `rerunfilecheck' on input line 286.
)
\Hy@SectionHShift=\skip69
) (c:/Users/Mar/AppData/Roaming/TinyTeX/texmf-dist/tex/latex/lm/lmodern.sty
Package: lmodern 2015/05/01 v1.6.1 Latin Modern Fonts
LaTeX Font Info:    Overwriting symbol font `operators' in version `normal'
(Font)                  OT1/cmr/m/n --> OT1/lmr/m/n on input line 22.
LaTeX Font Info:    Overwriting symbol font `letters' in version `normal'
(Font)                  OML/cmm/m/it --> OML/lmm/m/it on input line 23.
LaTeX Font Info:    Overwriting symbol font `symbols' in version `normal'
(Font)                  OMS/cmsy/m/n --> OMS/lmsy/m/n on input line 24.
LaTeX Font Info:    Overwriting symbol font `largesymbols' in version `normal'
(Font)                  OMX/cmex/m/n --> OMX/lmex/m/n on input line 25.
LaTeX Font Info:    Overwriting symbol font `operators' in version `bold'
(Font)                  OT1/cmr/bx/n --> OT1/lmr/bx/n on input line 26.
LaTeX Font Info:    Overwriting symbol font `letters' in version `bold'
(Font)                  OML/cmm/b/it --> OML/lmm/b/it on input line 27.
LaTeX Font Info:    Overwriting symbol font `symbols' in version `bold'
(Font)                  OMS/cmsy/b/n --> OMS/lmsy/b/n on input line 28.
LaTeX Font Info:    Overwriting symbol font `largesymbols' in version `bold'
(Font)                  OMX/cmex/m/n --> OMX/lmex/m/n on input line 29.
LaTeX Font Info:    Overwriting math alphabet `\mathbf' in version `normal'
(Font)                  OT1/cmr/bx/n --> OT1/lmr/bx/n on input line 31.
LaTeX Font Info:    Overwriting math alphabet `\mathsf' in version `normal'
(Font)                  OT1/cmss/m/n --> OT1/lmss/m/n on input line 32.
LaTeX Font Info:    Overwriting math alphabet `\mathit' in version `normal'
(Font)                  OT1/cmr/m/it --> OT1/lmr/m/it on input line 33.
LaTeX Font Info:    Overwriting math alphabet `\mathtt' in version `normal'
(Font)                  OT1/cmtt/m/n --> OT1/lmtt/m/n on input line 34.
LaTeX Font Info:    Overwriting math alphabet `\mathbf' in version `bold'
(Font)                  OT1/cmr/bx/n --> OT1/lmr/bx/n on input line 35.
LaTeX Font Info:    Overwriting math alphabet `\mathsf' in version `bold'
(Font)                  OT1/cmss/bx/n --> OT1/lmss/bx/n on input line 36.
LaTeX Font Info:    Overwriting math alphabet `\mathit' in version `bold'
(Font)                  OT1/cmr/bx/it --> OT1/lmr/bx/it on input line 37.
LaTeX Font Info:    Overwriting math alphabet `\mathtt' in version `bold'
(Font)                  OT1/cmtt/m/n --> OT1/lmtt/m/n on input line 38.
) (c:/Users/Mar/AppData/Roaming/TinyTeX/texmf-dist/tex/latex/float/float.sty
Package: float 2001/11/08 v1.3d Float enhancements (AL)
\c@float@type=\count298
\float@exts=\toks32
\float@box=\box58
\@float@everytoks=\toks33
\@floatcapt=\box59
) (c:/Users/Mar/AppData/Roaming/TinyTeX/texmf-dist/tex/latex/graphics/rotating.sty
Package: rotating 2016/08/11 v2.16d rotated objects in LaTeX
(c:/Users/Mar/AppData/Roaming/TinyTeX/texmf-dist/tex/latex/base/ifthen.sty
Package: ifthen 2020/11/24 v1.1c Standard LaTeX ifthen package (DPC)
)
\c@r@tfl@t=\count299
\rotFPtop=\skip70
\rotFPbot=\skip71
\rot@float@box=\box60
\rot@mess@toks=\toks34
) (c:/Users/Mar/AppData/Roaming/TinyTeX/texmf-dist/tex/latex/placeins/placeins.sty
Package: placeins 2005/04/18  v 2.2
) (c:/Users/Mar/AppData/Roaming/TinyTeX/texmf-dist/tex/latex/natbib/natbib.sty
Package: natbib 2010/09/13 8.31b (PWD, AO)
\bibhang=\skip72
\bibsep=\skip73
LaTeX Info: Redefining \cite on input line 694.
\c@NAT@ctr=\count300
) (c:/Users/Mar/AppData/Roaming/TinyTeX/texmf-dist/tex/latex/caption/caption.sty
Package: caption 2022/03/01 v3.6b Customizing captions (AR)
(c:/Users/Mar/AppData/Roaming/TinyTeX/texmf-dist/tex/latex/caption/caption3.sty
Package: caption3 2022/03/17 v2.3b caption3 kernel (AR)
\caption@tempdima=\dimen173
\captionmargin=\dimen174
\caption@leftmargin=\dimen175
\caption@rightmargin=\dimen176
\caption@width=\dimen177
\caption@indent=\dimen178
\caption@parindent=\dimen179
\caption@hangindent=\dimen180
Package caption Info: Standard document class detected.
)
\c@caption@flags=\count301
\c@continuedfloat=\count302
Package caption Info: float package is loaded.
Package caption Info: hyperref package is loaded.
Package caption Info: longtable package is loaded.
(c:/Users/Mar/AppData/Roaming/TinyTeX/texmf-dist/tex/latex/caption/ltcaption.sty
Package: ltcaption 2021/01/08 v1.4c longtable captions (AR)
)
Package caption Info: rotating package is loaded.
) (c:/Users/Mar/AppData/Roaming/TinyTeX/texmf-dist/tex/latex/tools/array.sty
Package: array 2021/10/04 v2.5f Tabular extension package (FMi)
\col@sep=\dimen181
\ar@mcellbox=\box61
\extrarowheight=\dimen182
\NC@list=\toks35
\extratabsurround=\skip74
\backup@length=\skip75
\ar@cellbox=\box62
) (c:/Users/Mar/AppData/Roaming/TinyTeX/texmf-dist/tex/latex/multirow/multirow.sty
Package: multirow 2021/03/15 v2.8 Span multiple rows of a table
\multirow@colwidth=\skip76
\multirow@cntb=\count303
\multirow@dima=\skip77
\bigstrutjot=\dimen183
) (c:/Users/Mar/AppData/Roaming/TinyTeX/texmf-dist/tex/latex/wrapfig/wrapfig.sty
\wrapoverhang=\dimen184
\WF@size=\dimen185
\c@WF@wrappedlines=\count304
\WF@box=\box63
\WF@everypar=\toks36
Package: wrapfig 2003/01/31  v 3.6
) (c:/Users/Mar/AppData/Roaming/TinyTeX/texmf-dist/tex/latex/colortbl/colortbl.sty
Package: colortbl 2020/01/04 v1.0e Color table columns (DPC)
\everycr=\toks37
\minrowclearance=\skip78
) (c:/Users/Mar/AppData/Roaming/TinyTeX/texmf-dist/tex/latex/pdflscape/pdflscape.sty
Package: pdflscape 2019/12/05 v0.12 Display of landscape pages in PDF (HO)
(c:/Users/Mar/AppData/Roaming/TinyTeX/texmf-dist/tex/latex/graphics/lscape.sty
Package: lscape 2020/05/28 v3.02 Landscape Pages (DPC)
)
Package pdflscape Info: Auto-detected driver: pdftex on input line 81.
) (c:/Users/Mar/AppData/Roaming/TinyTeX/texmf-dist/tex/latex/tabu/tabu.sty
Package: tabu 2019/01/11 v2.9 - flexible LaTeX tabulars (FC+tabu-fixed)
(c:/Users/Mar/AppData/Roaming/TinyTeX/texmf-dist/tex/latex/varwidth/varwidth.sty
Package: varwidth 2009/03/30 ver 0.92;  Variable-width minipages
\@vwid@box=\box64
\sift@deathcycles=\count305
\@vwid@loff=\dimen186
\@vwid@roff=\dimen187
)
\c@taburow=\count306
\tabu@nbcols=\count307
\tabu@cnt=\count308
\tabu@Xcol=\count309
\tabu@alloc=\count310
\tabu@nested=\count311
\tabu@target=\dimen188
\tabu@spreadtarget=\dimen189
\tabu@naturalX=\dimen190
\tabucolX=\dimen191
\tabu@Xsum=\dimen192
\extrarowdepth=\dimen193
\abovetabulinesep=\dimen194
\belowtabulinesep=\dimen195
\tabustrutrule=\dimen196
\tabu@thebody=\toks38
\tabu@footnotes=\toks39
\tabu@box=\box65
\tabu@arstrutbox=\box66
\tabu@hleads=\box67
\tabu@vleads=\box68
\tabu@cellskip=\skip79
) (c:/Users/Mar/AppData/Roaming/TinyTeX/texmf-dist/tex/latex/threeparttable/threeparttable.sty
Package: threeparttable 2003/06/13  v 3.0
\@tempboxb=\box69
) (c:/Users/Mar/AppData/Roaming/TinyTeX/texmf-dist/tex/latex/threeparttablex/threeparttablex.sty
Package: threeparttablex 2013/07/23 v0.3 by daleif
(c:/Users/Mar/AppData/Roaming/TinyTeX/texmf-dist/tex/latex/environ/environ.sty
Package: environ 2014/05/04 v0.3 A new way to define environments
(c:/Users/Mar/AppData/Roaming/TinyTeX/texmf-dist/tex/latex/trimspaces/trimspaces.sty
Package: trimspaces 2009/09/17 v1.1 Trim spaces around a token list
))
\TPTL@width=\skip80
) (c:/Users/Mar/AppData/Roaming/TinyTeX/texmf-dist/tex/generic/ulem/ulem.sty
\UL@box=\box70
\UL@hyphenbox=\box71
\UL@skip=\skip81
\UL@hook=\toks40
\UL@height=\dimen197
\UL@pe=\count312
\UL@pixel=\dimen198
\ULC@box=\box72
Package: ulem 2019/11/18
\ULdepth=\dimen199
) (c:/Users/Mar/AppData/Roaming/TinyTeX/texmf-dist/tex/latex/makecell/makecell.sty
Package: makecell 2009/08/03 V0.1e Managing of Tab Column Heads and Cells
\rotheadsize=\dimen256
\c@nlinenum=\count313
\TeXr@lab=\toks41
) (c:/Users/Mar/AppData/Roaming/TinyTeX/texmf-dist/tex/latex/xcolor/xcolor.sty
Package: xcolor 2021/10/31 v2.13 LaTeX color extensions (UK)
(c:/Users/Mar/AppData/Roaming/TinyTeX/texmf-dist/tex/latex/graphics-cfg/color.cfg
File: color.cfg 2016/01/02 v1.6 sample color configuration
)
Package xcolor Info: Driver file: pdftex.def on input line 227.
LaTeX Info: Redefining \color on input line 711.
Package xcolor Info: Model `cmy' substituted by `cmy0' on input line 1352.
Package xcolor Info: Model `hsb' substituted by `rgb' on input line 1356.
Package xcolor Info: Model `RGB' extended on input line 1368.
Package xcolor Info: Model `HTML' substituted by `rgb' on input line 1370.
Package xcolor Info: Model `Hsb' substituted by `hsb' on input line 1371.
Package xcolor Info: Model `tHsb' substituted by `hsb' on input line 1372.
Package xcolor Info: Model `HSB' substituted by `hsb' on input line 1373.
Package xcolor Info: Model `Gray' substituted by `gray' on input line 1374.
Package xcolor Info: Model `wave' substituted by `hsb' on input line 1375.
)
LaTeX Font Info:    Trying to load font information for T1+lmr on input line 177.
(c:/Users/Mar/AppData/Roaming/TinyTeX/texmf-dist/tex/latex/lm/t1lmr.fd
File: t1lmr.fd 2015/05/01 v1.6.1 Font defs for Latin Modern
) (c:/Users/Mar/AppData/Roaming/TinyTeX/texmf-dist/tex/latex/l3backend/l3backend-pdftex.def
File: l3backend-pdftex.def 2022-04-20 L3 backend support: PDF output (pdfTeX)
\l__color_backend_stack_int=\count314
\l__pdf_internal_box=\box73
)
No file tesis.aux.
\openout1 = `tesis.aux'.

LaTeX Font Info:    Checking defaults for OML/cmm/m/it on input line 177.
LaTeX Font Info:    ... okay on input line 177.
LaTeX Font Info:    Checking defaults for OMS/cmsy/m/n on input line 177.
LaTeX Font Info:    ... okay on input line 177.
LaTeX Font Info:    Checking defaults for OT1/cmr/m/n on input line 177.
LaTeX Font Info:    ... okay on input line 177.
LaTeX Font Info:    Checking defaults for T1/cmr/m/n on input line 177.
LaTeX Font Info:    ... okay on input line 177.
LaTeX Font Info:    Checking defaults for TS1/cmr/m/n on input line 177.
LaTeX Font Info:    ... okay on input line 177.
LaTeX Font Info:    Checking defaults for OMX/cmex/m/n on input line 177.
LaTeX Font Info:    ... okay on input line 177.
LaTeX Font Info:    Checking defaults for U/cmr/m/n on input line 177.
LaTeX Font Info:    ... okay on input line 177.
LaTeX Font Info:    Checking defaults for PD1/pdf/m/n on input line 177.
LaTeX Font Info:    ... okay on input line 177.
LaTeX Font Info:    Checking defaults for PU/pdf/m/n on input line 177.
LaTeX Font Info:    ... okay on input line 177.
(c:/Users/Mar/AppData/Roaming/TinyTeX/texmf-dist/tex/latex/epstopdf-pkg/epstopdf-base.sty
Package: epstopdf-base 2020-01-24 v2.11 Base part for package epstopdf
Package epstopdf-base Info: Redefining graphics rule for `.eps' on input line 485.
(c:/Users/Mar/AppData/Roaming/TinyTeX/texmf-dist/tex/latex/latexconfig/epstopdf-sys.cfg
File: epstopdf-sys.cfg 2010/07/13 v1.3 Configuration of (r)epstopdf for TeX Live
))
LaTeX Info: Redefining \. on input line 177.
LaTeX Info: Redefining \% on input line 177.
Package hyperref Info: Link coloring ON on input line 177.
\@outlinefile=\write4
\openout4 = `tesis.out'.

Package caption Info: Begin \AtBeginDocument code.
Package caption Info: threeparttable package is loaded.
Package caption Info: wrapfig package is loaded.
Package caption Info: End \AtBeginDocument code.
<images/facso.png, id=4, 702.625pt x 366.36874pt>
File: images/facso.png Graphic file (type png)
<use images/facso.png>
Package pdftex.def Info: images/facso.png  used on input line 181.
(pdftex.def)             Requested size: 175.6558pt x 91.59195pt.
[1
Non-PDF special ignored!
<special> !% Reed College LaTeX Thesis Class 2001/12/04 SN
Non-PDF special ignored!
<special> rawpostscript % Reed College LaTeX Thesis Class 2001/12/04 SN


{c:/Users/Mar/AppData/Roaming/TinyTeX/texmf-var/fonts/map/pdftex/updmap/pdftex.map} <./images/facso.png>] [2

]
No file tesis.toc.
\tf@toc=\write5
\openout5 = `tesis.toc'.

[1



] [2

]
No file tesis.lot.
\tf@lot=\write6
\openout6 = `tesis.lot'.

[3] [4

]
No file tesis.lof.
\tf@lof=\write7
\openout7 = `tesis.lof'.

[5] [6

]
pdfTeX warning (ext4): destination with the same identifier (name{page.1}) has been already used, duplicate ignored
<to be read again> 
                   \relax 
l.210 ...{Agradecimientos}\label{agradecimientos}}
                                                   [1

]
pdfTeX warning (ext4): destination with the same identifier (name{page.2}) has been already used, duplicate ignored
<to be read again> 
                   \relax 
l.210 ...{Agradecimientos}\label{agradecimientos}}
                                                   [2

] [3] [4

]
Cap\'{\i }tulo 1.

Package natbib Warning: Citation `Hobbes2002' on page 5 undefined on input line 216.


Package natbib Warning: Citation `Weber1996' on page 5 undefined on input line 216.


Package natbib Warning: Citation `Gerber2017' on page 5 undefined on input line 216.


Package natbib Warning: Citation `Keane2004' on page 5 undefined on input line 216.


Package natbib Warning: Citation `Keane2004' on page 5 undefined on input line 218.


Package natbib Warning: Citation `Bufacchi2005' on page 5 undefined on input line 218.


Package natbib Warning: Citation `Frazer2020' on page 5 undefined on input line 218.


Package natbib Warning: Citation `Weber1996' on page 5 undefined on input line 218.

[5]

Package natbib Warning: Citation `WHO2014' on page 6 undefined on input line 220.


Package natbib Warning: Citation `WHO2010' on page 6 undefined on input line 220.


Package natbib Warning: Citation `WHO2009' on page 6 undefined on input line 220.


Package natbib Warning: Citation `Human2019' on page 6 undefined on input line 220.


Package natbib Warning: Citation `ONU2019' on page 6 undefined on input line 220.


Package natbib Warning: Citation `Defensoria2020' on page 6 undefined on input line 220.


Package natbib Warning: Citation `Amnistia2020' on page 6 undefined on input line 220.


Package natbib Warning: Citation `Joignant2020' on page 6 undefined on input line 220.


Package natbib Warning: Citation `ELSOC2019' on page 6 undefined on input line 220.


LaTeX Warning: Reference `fig:justintro' on page 6 undefined on input line 220.


Package natbib Warning: Citation `Nunes2021' on page 6 undefined on input line 220.


Package natbib Warning: Citation `Kalmoe2014' on page 6 undefined on input line 220.


Package natbib Warning: Citation `Gerber2017' on page 6 undefined on input line 220.

<images/jvintro.png, id=71, 454.69875pt x 299.61937pt>
File: images/jvintro.png Graphic file (type png)
<use images/jvintro.png>
Package pdftex.def Info: images/jvintro.png  used on input line 223.
(pdftex.def)             Requested size: 325.215pt x 214.29936pt.

Package natbib Warning: Citation `Blumenthal1972' on page 6 undefined on input line 228.


Package natbib Warning: Citation `Thompson2004' on page 6 undefined on input line 228.


Package natbib Warning: Citation `Sidanius1999' on page 6 undefined on input line 228.


Package natbib Warning: Citation `Altemeyer1988' on page 6 undefined on input line 228.


Package natbib Warning: Citation `Gerber2017b' on page 6 undefined on input line 228.


Package natbib Warning: Citation `Tyler2006' on page 6 undefined on input line 228.


Package natbib Warning: Citation `Gerber2017a' on page 6 undefined on input line 228.

LaTeX Info: Redefining \. on input line 229.
LaTeX Info: Redefining \% on input line 229.
[6 <./images/jvintro.png>]

Package natbib Warning: Citation `Tyler2006' on page 7 undefined on input line 230.


Package natbib Warning: Citation `Gerber2017b' on page 7 undefined on input line 230.


Package natbib Warning: Citation `Bradford2017' on page 7 undefined on input line 230.


Package natbib Warning: Citation `Puga2016' on page 7 undefined on input line 230.


Package natbib Warning: Citation `Gerber2016' on page 7 undefined on input line 230.


Package natbib Warning: Citation `Gerber2017a' on page 7 undefined on input line 230.


Package natbib Warning: Citation `Gerber2017' on page 7 undefined on input line 230.


Package natbib Warning: Citation `Tornblom2007' on page 7 undefined on input line 230.


Package natbib Warning: Citation `Liebig2016' on page 7 undefined on input line 232.


Package natbib Warning: Citation `Liebig2016' on page 7 undefined on input line 232.


Package natbib Warning: Citation `BarringtonMoore1978' on page 7 undefined on input line 232.


Package natbib Warning: Citation `Gurr1970' on page 7 undefined on input line 232.


Package natbib Warning: Citation `Jasso1980' on page 7 undefined on input line 232.


Package natbib Warning: Citation `Agostini2021' on page 7 undefined on input line 232.


Package natbib Warning: Citation `Tausch2011' on page 7 undefined on input line 232.


Package natbib Warning: Citation `Nunes2021' on page 7 undefined on input line 232.


Package natbib Warning: Citation `Kalmoe2014' on page 7 undefined on input line 232.


Underfull \vbox (badness 1603) has occurred while \output is active []

[7]

Package natbib Warning: Citation `Jasso1978' on page 8 undefined on input line 234.


Package natbib Warning: Citation `Jasso2015' on page 8 undefined on input line 234.


Package natbib Warning: Citation `PNUD2017' on page 8 undefined on input line 236.


Package natbib Warning: Citation `Somma2020' on page 8 undefined on input line 236.


Package natbib Warning: Citation `PNUD2017' on page 8 undefined on input line 236.

LaTeX Info: Redefining \. on input line 239.
LaTeX Info: Redefining \% on input line 239.
[8]

Package natbib Warning: Citation `Jasso2015' on page 9 undefined on input line 240.


Package natbib Warning: Citation `Liebig2016' on page 9 undefined on input line 240.

[9] [10

]
Cap\'{\i }tulo 2.
[11] [12

]
Cap\'{\i }tulo 3.

LaTeX Warning: Reference `fig:newmodel' on page 13 undefined on input line 278.


LaTeX Warning: Reference `fig:newmodel' on page 13 undefined on input line 278.


Package natbib Warning: Citation `Imbusch2005' on page 13 undefined on input line 280.


Package natbib Warning: Citation `Jasso2016' on page 13 undefined on input line 280.


Package natbib Warning: Citation `Riches1986' on page 13 undefined on input line 280.

[13]
<images/newmodel.png, id=113, 643.40375pt x 431.6125pt>
File: images/newmodel.png Graphic file (type png)
<use images/newmodel.png>
Package pdftex.def Info: images/newmodel.png  used on input line 287.
(pdftex.def)             Requested size: 325.215pt x 218.17004pt.

Package natbib Warning: Citation `Mider2013' on page 14 undefined on input line 298.


Package natbib Warning: Citation `Keane2004' on page 14 undefined on input line 298.


Package natbib Warning: Citation `Heitmeyer2005' on page 14 undefined on input line 298.


Package natbib Warning: Citation `Imbusch2005' on page 14 undefined on input line 298.


Package natbib Warning: Citation `Stateva2009' on page 14 undefined on input line 298.


Package natbib Warning: Citation `Bufacchi2007' on page 14 undefined on input line 298.


Package natbib Warning: Citation `Kurt2008' on page 14 undefined on input line 298.


Package natbib Warning: Citation `Heitmeyer2005' on page 14 undefined on input line 298.


Package natbib Warning: Citation `Bufacchi2009a' on page 14 undefined on input line 298.


Package natbib Warning: Citation `Bufacchi2005' on page 14 undefined on input line 300.

LaTeX Info: Redefining \. on input line 301.
LaTeX Info: Redefining \% on input line 301.
[14 <./images/newmodel.png>]

Package natbib Warning: Citation `Keane2004' on page 15 undefined on input line 302.


Package natbib Warning: Citation `Coady2008' on page 15 undefined on input line 302.


Package natbib Warning: Citation `Galtung1969' on page 15 undefined on input line 302.


Package natbib Warning: Citation `Bufacchi2007' on page 15 undefined on input line 302.


Package natbib Warning: Citation `Bufacchi2005' on page 15 undefined on input line 304.


Package natbib Warning: Citation `Bufacchi2007' on page 15 undefined on input line 304.


Package natbib Warning: Citation `Gerd1969' on page 15 undefined on input line 304.


Package natbib Warning: Citation `Copoeru2020' on page 15 undefined on input line 304.


Package natbib Warning: Citation `Galtung1969' on page 15 undefined on input line 304.


Package natbib Warning: Citation `Bufacchi2005' on page 15 undefined on input line 304.


Package natbib Warning: Citation `Arostegui1994' on page 15 undefined on input line 304.

LaTeX Info: Redefining \. on input line 307.
LaTeX Info: Redefining \% on input line 307.
[15]

Package natbib Warning: Citation `Basaure2020' on page 16 undefined on input line 311.


Package natbib Warning: Citation `Frazer2019' on page 16 undefined on input line 311.


Package natbib Warning: Citation `Blumenthal1972' on page 16 undefined on input line 311.


Package natbib Warning: Citation `Arendt2005' on page 16 undefined on input line 311.


Package natbib Warning: Citation `Demirbas2019' on page 16 undefined on input line 313.


Package natbib Warning: Citation `Frazer2019' on page 16 undefined on input line 313.


Package natbib Warning: Citation `Gerd1969' on page 16 undefined on input line 313.


Package natbib Warning: Citation `Hills2011' on page 16 undefined on input line 313.


Package natbib Warning: Citation `Keane2004' on page 16 undefined on input line 313.


Package natbib Warning: Citation `Magil2008' on page 16 undefined on input line 313.


Package natbib Warning: Citation `Nielsen1981' on page 16 undefined on input line 313.


Package natbib Warning: Citation `Wells1970' on page 16 undefined on input line 313.


Package natbib Warning: Citation `APT2007' on page 16 undefined on input line 313.


Package natbib Warning: Citation `Bufacchi2006' on page 16 undefined on input line 313.


Package natbib Warning: Citation `Dean2005' on page 16 undefined on input line 313.


Package natbib Warning: Citation `Frazer2019' on page 16 undefined on input line 313.


Package natbib Warning: Citation `Bufacchi2007' on page 16 undefined on input line 313.


Package natbib Warning: Citation `Blumenthal1972' on page 16 undefined on input line 313.


Package natbib Warning: Citation `Jackson2013' on page 16 undefined on input line 313.


Package natbib Warning: Citation `Blumenthal1972' on page 16 undefined on input line 315.


Package natbib Warning: Citation `Gerber2012' on page 16 undefined on input line 315.


Package natbib Warning: Citation `Gerber2016' on page 16 undefined on input line 315.


Package natbib Warning: Citation `Puga2016' on page 16 undefined on input line 315.


Package natbib Warning: Citation `Nielsen1981' on page 16 undefined on input line 315.


Package natbib Warning: Citation `Puga2016' on page 16 undefined on input line 315.


Package natbib Warning: Citation `Nielsen1981' on page 16 undefined on input line 315.


Package natbib Warning: Citation `Nielsen1977' on page 16 undefined on input line 315.


Package natbib Warning: Citation `Sune2010' on page 16 undefined on input line 315.


Package natbib Warning: Citation `Edyvane2020' on page 16 undefined on input line 315.

LaTeX Info: Redefining \. on input line 316.
LaTeX Info: Redefining \% on input line 316.
[16]

Package natbib Warning: Citation `Jackson2013' on page 17 undefined on input line 317.


Package natbib Warning: Citation `Gerber2016' on page 17 undefined on input line 317.


Package natbib Warning: Citation `Gamson1970' on page 17 undefined on input line 317.


Package natbib Warning: Citation `Arthur1993' on page 17 undefined on input line 317.


Package natbib Warning: Citation `Arthur1994' on page 17 undefined on input line 317.


Package natbib Warning: Citation `Thompson2004' on page 17 undefined on input line 317.


Package natbib Warning: Citation `Perkins2006' on page 17 undefined on input line 317.


Package natbib Warning: Citation `Johnson2009' on page 17 undefined on input line 317.


Package natbib Warning: Citation `Barkan1998' on page 17 undefined on input line 317.


Package natbib Warning: Citation `Jefferis2011' on page 17 undefined on input line 317.


Package natbib Warning: Citation `Henry2005' on page 17 undefined on input line 317.


Package natbib Warning: Citation `Gerber2017b' on page 17 undefined on input line 317.


Package natbib Warning: Citation `Sidanius1999' on page 17 undefined on input line 317.


Package natbib Warning: Citation `Altemeyer1988' on page 17 undefined on input line 317.


Package natbib Warning: Citation `Jackson2013' on page 17 undefined on input line 317.


Package natbib Warning: Citation `Gerber2017a' on page 17 undefined on input line 317.


Package natbib Warning: Citation `Gerber2017b' on page 17 undefined on input line 317.


Package natbib Warning: Citation `Bradford2017' on page 17 undefined on input line 317.


Package natbib Warning: Citation `Gerber2017a' on page 17 undefined on input line 319.


Package natbib Warning: Citation `Gerber2017a' on page 17 undefined on input line 319.


Package natbib Warning: Citation `Gerber2017a' on page 17 undefined on input line 319.


Underfull \vbox (badness 1603) has occurred while \output is active []

LaTeX Info: Redefining \. on input line 320.
LaTeX Info: Redefining \% on input line 320.
[17]

Package natbib Warning: Citation `Thompson2004' on page 18 undefined on input line 324.


Package natbib Warning: Citation `Johnson2009' on page 18 undefined on input line 324.


Package natbib Warning: Citation `Riches1986' on page 18 undefined on input line 326.


Package natbib Warning: Citation `Bufacchi2007' on page 18 undefined on input line 326.


Package natbib Warning: Citation `Gerber2017a' on page 18 undefined on input line 326.


Package natbib Warning: Citation `Gerber2021' on page 18 undefined on input line 326.


Package natbib Warning: Citation `Imbusch2005' on page 18 undefined on input line 326.


Package natbib Warning: Citation `Riches1986' on page 18 undefined on input line 326.


Package natbib Warning: Citation `Imbusch2005' on page 18 undefined on input line 328.


Package natbib Warning: Citation `Imbusch2005' on page 18 undefined on input line 328.

LaTeX Info: Redefining \. on input line 329.
LaTeX Info: Redefining \% on input line 329.
[18]

Package natbib Warning: Citation `Jasso2016' on page 19 undefined on input line 330.


Package natbib Warning: Citation `Jasso1977' on page 19 undefined on input line 330.


Package natbib Warning: Citation `Riches1986' on page 19 undefined on input line 332.


Package natbib Warning: Citation `Imbusch2005' on page 19 undefined on input line 332.


Package natbib Warning: Citation `Jasso2016' on page 19 undefined on input line 332.

<images/absmodel.png, id=146, 598.235pt x 478.78876pt>
File: images/absmodel.png Graphic file (type png)
<use images/absmodel.png>
Package pdftex.def Info: images/absmodel.png  used on input line 335.
(pdftex.def)             Requested size: 325.215pt x 260.28084pt.

Package natbib Warning: Citation `Riches1986' on page 19 undefined on input line 338.


Package natbib Warning: Citation `Imbusch2005' on page 19 undefined on input line 338.


Package natbib Warning: Citation `Jasso2016' on page 19 undefined on input line 338.


LaTeX Warning: Reference `fig:absmodel' on page 19 undefined on input line 340.

<images/espmodel.png, id=147, 1047.915pt x 499.8675pt>
File: images/espmodel.png Graphic file (type png)
<use images/espmodel.png>
Package pdftex.def Info: images/espmodel.png  used on input line 343.
(pdftex.def)             Requested size: 325.215pt x 155.12512pt.

Package natbib Warning: Citation `Riches1986' on page 19 undefined on input line 346.


Package natbib Warning: Citation `Imbusch2005' on page 19 undefined on input line 346.


Package natbib Warning: Citation `Jasso2016' on page 19 undefined on input line 346.


LaTeX Warning: Reference `fig:espmodel' on page 19 undefined on input line 348.


Package natbib Warning: Citation `Blumenthal1972' on page 19 undefined on input line 348.


Package natbib Warning: Citation `Gerber2016' on page 19 undefined on input line 348.


Package natbib Warning: Citation `Blumenthal1972' on page 19 undefined on input line 348.


Package natbib Warning: Citation `Gerber2016' on page 19 undefined on input line 348.

LaTeX Info: Redefining \. on input line 349.
LaTeX Info: Redefining \% on input line 349.
[19]
Underfull \vbox (badness 2384) has occurred while \output is active []

LaTeX Info: Redefining \. on input line 349.
LaTeX Info: Redefining \% on input line 349.
[20 <./images/absmodel.png> <./images/espmodel.png>]

Package natbib Warning: Citation `Tilly2003' on page 21 undefined on input line 353.


Package natbib Warning: Citation `Tilly2003' on page 21 undefined on input line 353.


Package natbib Warning: Citation `Adang2011' on page 21 undefined on input line 353.


Package natbib Warning: Citation `Taylor2004' on page 21 undefined on input line 353.


Package natbib Warning: Citation `VanDyke2004' on page 21 undefined on input line 353.


Package natbib Warning: Citation `Medel2016' on page 21 undefined on input line 353.


Package natbib Warning: Citation `Medel2016' on page 21 undefined on input line 355.


Package natbib Warning: Citation `Davenport2012' on page 21 undefined on input line 357.


Package natbib Warning: Citation `Earl2003' on page 21 undefined on input line 357.


Package natbib Warning: Citation `Porta1998' on page 21 undefined on input line 357.


Package natbib Warning: Citation `Porta2004' on page 21 undefined on input line 357.


Package natbib Warning: Citation `Mansley2013' on page 21 undefined on input line 357.


Package natbib Warning: Citation `Tilly1978' on page 21 undefined on input line 357.


Package natbib Warning: Citation `Davenport2007' on page 21 undefined on input line 357.


Package natbib Warning: Citation `Tilly1978' on page 21 undefined on input line 357.


Package natbib Warning: Citation `Davenport2007' on page 21 undefined on input line 357.


Package natbib Warning: Citation `Earl2011' on page 21 undefined on input line 357.


Package natbib Warning: Citation `Davenport2012' on page 21 undefined on input line 357.


Package natbib Warning: Citation `Porta1998' on page 21 undefined on input line 357.


Package natbib Warning: Citation `Porta2004' on page 21 undefined on input line 357.


Package natbib Warning: Citation `Earl2003' on page 21 undefined on input line 357.


Package natbib Warning: Citation `Mansley2013' on page 21 undefined on input line 357.


Package natbib Warning: Citation `Velasquez2019' on page 21 undefined on input line 357.


Package natbib Warning: Citation `Earl2003' on page 21 undefined on input line 357.

LaTeX Info: Redefining \. on input line 358.
LaTeX Info: Redefining \% on input line 358.
[21]

Package natbib Warning: Citation `Earl2003' on page 22 undefined on input line 359.


Package natbib Warning: Citation `Earl2003' on page 22 undefined on input line 361.


Package natbib Warning: Citation `Fernandez2019' on page 22 undefined on input line 361.


Package natbib Warning: Citation `Blumenthal1972' on page 22 undefined on input line 363.


Package natbib Warning: Citation `Blumenthal1972' on page 22 undefined on input line 363.


Package natbib Warning: Citation `Blumenthal1972' on page 22 undefined on input line 363.


Package natbib Warning: Citation `Gerber2016' on page 22 undefined on input line 363.


Package natbib Warning: Citation `Gerber2016' on page 22 undefined on input line 363.

LaTeX Info: Redefining \. on input line 365.
LaTeX Info: Redefining \% on input line 365.
[22]

Package natbib Warning: Citation `Chambliss1995' on page 23 undefined on input line 370.


Package natbib Warning: Citation `Quinney1971' on page 23 undefined on input line 370.


Package natbib Warning: Citation `Turk1969' on page 23 undefined on input line 370.


Package natbib Warning: Citation `Sidanius1999' on page 23 undefined on input line 370.


Package natbib Warning: Citation `Altemeyer1988' on page 23 undefined on input line 370.


Package natbib Warning: Citation `Tyler2006' on page 23 undefined on input line 370.


Package natbib Warning: Citation `Gamson1970' on page 23 undefined on input line 370.


Package natbib Warning: Citation `Blumenthal1972' on page 23 undefined on input line 370.


Package natbib Warning: Citation `Arthur1994' on page 23 undefined on input line 370.


Package natbib Warning: Citation `Thompson2004' on page 23 undefined on input line 370.


Package natbib Warning: Citation `Gerber2017' on page 23 undefined on input line 370.


Package natbib Warning: Citation `Bradford2017' on page 23 undefined on input line 370.


Package natbib Warning: Citation `Gerber2017a' on page 23 undefined on input line 370.


Package natbib Warning: Citation `Blumenthal1972' on page 23 undefined on input line 370.


Package natbib Warning: Citation `Puga2016' on page 23 undefined on input line 370.


Package natbib Warning: Citation `Gamson1970' on page 23 undefined on input line 372.


Package natbib Warning: Citation `Arthur1994' on page 23 undefined on input line 372.


Package natbib Warning: Citation `Weitzer2002' on page 23 undefined on input line 372.


Package natbib Warning: Citation `Blumenthal1972' on page 23 undefined on input line 372.


Package natbib Warning: Citation `Thompson2004' on page 23 undefined on input line 372.


Package natbib Warning: Citation `Johnson2009' on page 23 undefined on input line 372.


Package natbib Warning: Citation `Chambliss1995' on page 23 undefined on input line 372.


Package natbib Warning: Citation `Quinney1971' on page 23 undefined on input line 372.


Package natbib Warning: Citation `Turk1969' on page 23 undefined on input line 372.


Package natbib Warning: Citation `Gerber2017b' on page 23 undefined on input line 372.

LaTeX Info: Redefining \. on input line 373.
LaTeX Info: Redefining \% on input line 373.
[23]

Package natbib Warning: Citation `Sidanius1999' on page 24 undefined on input line 374.


Package natbib Warning: Citation `Altemeyer1988' on page 24 undefined on input line 374.


Package natbib Warning: Citation `Henry2005' on page 24 undefined on input line 374.


Package natbib Warning: Citation `Perkins2006' on page 24 undefined on input line 374.


Package natbib Warning: Citation `Lemieux2012' on page 24 undefined on input line 374.


Package natbib Warning: Citation `Gerber2017b' on page 24 undefined on input line 374.


Package natbib Warning: Citation `Tyler2003' on page 24 undefined on input line 376.


Package natbib Warning: Citation `Vermunt2016' on page 24 undefined on input line 376.


Package natbib Warning: Citation `Tyler2003' on page 24 undefined on input line 376.


Package natbib Warning: Citation `Bradford2017' on page 24 undefined on input line 376.


Package natbib Warning: Citation `Jackson2013' on page 24 undefined on input line 376.


Package natbib Warning: Citation `Maguire2016' on page 24 undefined on input line 376.


Package natbib Warning: Citation `Gerber2017' on page 24 undefined on input line 376.


Package natbib Warning: Citation `Bradford2017' on page 24 undefined on input line 376.


Underfull \vbox (badness 1603) has occurred while \output is active []

LaTeX Info: Redefining \. on input line 377.
LaTeX Info: Redefining \% on input line 377.
[24]

Package natbib Warning: Citation `Gamson1970' on page 25 undefined on input line 378.


Package natbib Warning: Citation `Thomas1977' on page 25 undefined on input line 378.


Package natbib Warning: Citation `Thompson2004' on page 25 undefined on input line 378.


Package natbib Warning: Citation `Puga2016' on page 25 undefined on input line 378.


Package natbib Warning: Citation `Gerber2017' on page 25 undefined on input line 378.


Package natbib Warning: Citation `Gerber2017' on page 25 undefined on input line 378.


Package natbib Warning: Citation `Blumenthal1972' on page 25 undefined on input line 378.


Package natbib Warning: Citation `Gerber2017b' on page 25 undefined on input line 378.


Package natbib Warning: Citation `Bradford2017' on page 25 undefined on input line 378.


Package natbib Warning: Citation `Blumenthal1972' on page 25 undefined on input line 378.


Package natbib Warning: Citation `Puga2016' on page 25 undefined on input line 378.


Package natbib Warning: Citation `Blumenthal1972' on page 25 undefined on input line 378.


Package natbib Warning: Citation `Jasso2015' on page 25 undefined on input line 386.


Package natbib Warning: Citation `Wegener1992' on page 25 undefined on input line 386.


Package natbib Warning: Citation `Sabbagh2001' on page 25 undefined on input line 386.


Package natbib Warning: Citation `Adams1963' on page 25 undefined on input line 386.


Package natbib Warning: Citation `Homans1961' on page 25 undefined on input line 386.


Package natbib Warning: Citation `Runciman1966' on page 25 undefined on input line 386.


Package natbib Warning: Citation `Berger1989' on page 25 undefined on input line 386.


Package natbib Warning: Citation `Jasso1980' on page 25 undefined on input line 386.


Underfull \vbox (badness 10000) has occurred while \output is active []

LaTeX Info: Redefining \. on input line 387.
LaTeX Info: Redefining \% on input line 387.
[25]

Package natbib Warning: Citation `Jasso2016' on page 26 undefined on input line 388.


LaTeX Warning: Reference `fig:sjfrist' on page 26 undefined on input line 392.


LaTeX Warning: Reference `fig:sjsecond' on page 26 undefined on input line 394.

<images/sjfirst.png, id=186, 492.84125pt x 262.9825pt>
File: images/sjfirst.png Graphic file (type png)
<use images/sjfirst.png>
Package pdftex.def Info: images/sjfirst.png  used on input line 398.
(pdftex.def)             Requested size: 325.215pt x 173.54489pt.

Package natbib Warning: Citation `Jasso2016' on page 26 undefined on input line 401.

<images/sjsecond.png, id=187, 636.3775pt x 212.795pt>
File: images/sjsecond.png Graphic file (type png)
<use images/sjsecond.png>
Package pdftex.def Info: images/sjsecond.png  used on input line 404.
(pdftex.def)             Requested size: 325.215pt x 108.7448pt.

Package natbib Warning: Citation `Jasso2016' on page 26 undefined on input line 407.


Package natbib Warning: Citation `Jasso2015' on page 26 undefined on input line 409.


LaTeX Warning: Reference `eq:jef' on page 26 undefined on input line 409.


Package natbib Warning: Citation `Jasso1978' on page 26 undefined on input line 409.

LaTeX Info: Redefining \. on input line 410.
LaTeX Info: Redefining \% on input line 410.
[26]
LaTeX Font Info:    Trying to load font information for OT1+lmr on input line 411.
(c:/Users/Mar/AppData/Roaming/TinyTeX/texmf-dist/tex/latex/lm/ot1lmr.fd
File: ot1lmr.fd 2015/05/01 v1.6.1 Font defs for Latin Modern
)
LaTeX Font Info:    Trying to load font information for OML+lmm on input line 411.
(c:/Users/Mar/AppData/Roaming/TinyTeX/texmf-dist/tex/latex/lm/omllmm.fd
File: omllmm.fd 2015/05/01 v1.6.1 Font defs for Latin Modern
)
LaTeX Font Info:    Trying to load font information for OMS+lmsy on input line 411.
(c:/Users/Mar/AppData/Roaming/TinyTeX/texmf-dist/tex/latex/lm/omslmsy.fd
File: omslmsy.fd 2015/05/01 v1.6.1 Font defs for Latin Modern
)
LaTeX Font Info:    Trying to load font information for OMX+lmex on input line 411.
(c:/Users/Mar/AppData/Roaming/TinyTeX/texmf-dist/tex/latex/lm/omxlmex.fd
File: omxlmex.fd 2015/05/01 v1.6.1 Font defs for Latin Modern
)
LaTeX Font Info:    External font `lmex10' loaded for size
(Font)              <12> on input line 411.
LaTeX Font Info:    External font `lmex10' loaded for size
(Font)              <8> on input line 411.
LaTeX Font Info:    External font `lmex10' loaded for size
(Font)              <6> on input line 411.
LaTeX Font Info:    Trying to load font information for U+lasy on input line 411.
(c:/Users/Mar/AppData/Roaming/TinyTeX/texmf-dist/tex/latex/base/ulasy.fd
File: ulasy.fd 1998/08/17 v2.2e LaTeX symbol font definitions
)
LaTeX Font Info:    Trying to load font information for U+msa on input line 411.
(c:/Users/Mar/AppData/Roaming/TinyTeX/texmf-dist/tex/latex/amsfonts/umsa.fd
File: umsa.fd 2013/01/14 v3.01 AMS symbols A
)
LaTeX Font Info:    Trying to load font information for U+msb on input line 411.
(c:/Users/Mar/AppData/Roaming/TinyTeX/texmf-dist/tex/latex/amsfonts/umsb.fd
File: umsb.fd 2013/01/14 v3.01 AMS symbols B
)

Package natbib Warning: Citation `Headey1991' on page 27 undefined on input line 416.


Package natbib Warning: Citation `Kelley1993' on page 27 undefined on input line 416.

LaTeX Info: Redefining \. on input line 417.
LaTeX Info: Redefining \% on input line 417.
[27 <./images/sjfirst.png> <./images/sjsecond.png>]

Package natbib Warning: Citation `Jasso2015' on page 28 undefined on input line 418.


Package natbib Warning: Citation `Verwiebe2000' on page 28 undefined on input line 418.


Package natbib Warning: Citation `Castillo2011a' on page 28 undefined on input line 418.


Package natbib Warning: Citation `Jasso2015' on page 28 undefined on input line 418.


Package natbib Warning: Citation `Jasso1980' on page 28 undefined on input line 420.


Package natbib Warning: Citation `Liebig2016' on page 28 undefined on input line 425.


Package natbib Warning: Citation `BarringtonMoore1978' on page 28 undefined on input line 425.


Package natbib Warning: Citation `Galtung1969' on page 28 undefined on input line 425.


Package natbib Warning: Citation `Markowitz2001' on page 28 undefined on input line 425.


Package natbib Warning: Citation `Nunes2021' on page 28 undefined on input line 425.

LaTeX Info: Redefining \. on input line 427.
LaTeX Info: Redefining \% on input line 427.
[28]

Package natbib Warning: Citation `Resh2017' on page 29 undefined on input line 427.


Package natbib Warning: Citation `Sabbagh2018' on page 29 undefined on input line 427.


Package natbib Warning: Citation `Adriaans2017' on page 29 undefined on input line 427.


Package natbib Warning: Citation `Liebig2016' on page 29 undefined on input line 427.


LaTeX Warning: Reference `fig:multilevel' on page 29 undefined on input line 427.

<images/multilevel.png, id=212, 683.55376pt x 251.94125pt>
File: images/multilevel.png Graphic file (type png)
<use images/multilevel.png>
Package pdftex.def Info: images/multilevel.png  used on input line 430.
(pdftex.def)             Requested size: 325.215pt x 119.86938pt.

Package natbib Warning: Citation `Liebig2016' on page 29 undefined on input line 433.


Package natbib Warning: Citation `Runciman1966' on page 29 undefined on input line 435.


Package natbib Warning: Citation `Gurr1970' on page 29 undefined on input line 435.


Package natbib Warning: Citation `BarringtonMoore1978' on page 29 undefined on input line 435.


Package natbib Warning: Citation `Runciman1966' on page 29 undefined on input line 435.


Package natbib Warning: Citation `Gurr1970' on page 29 undefined on input line 435.


Package natbib Warning: Citation `Smith2012' on page 29 undefined on input line 435.


Package natbib Warning: Citation `McCarthy2017' on page 29 undefined on input line 437.


Package natbib Warning: Citation `Klandermans1997' on page 29 undefined on input line 437.


Package natbib Warning: Citation `Gamson1992' on page 29 undefined on input line 437.


Package natbib Warning: Citation `Klandermans2008' on page 29 undefined on input line 437.

LaTeX Info: Redefining \. on input line 438.
LaTeX Info: Redefining \% on input line 438.
[29 <./images/multilevel.png>]

Package natbib Warning: Citation `vanZomeren2008' on page 30 undefined on input line 439.


Package natbib Warning: Citation `Agostini2021' on page 30 undefined on input line 439.


Package natbib Warning: Citation `Tausch2011' on page 30 undefined on input line 439.


Package natbib Warning: Citation `Lemieux2012' on page 30 undefined on input line 441.


Package natbib Warning: Citation `Regan2005' on page 30 undefined on input line 441.


Package natbib Warning: Citation `Ostby2013' on page 30 undefined on input line 441.


Package natbib Warning: Citation `Markowitz2001' on page 30 undefined on input line 443.


Package natbib Warning: Citation `Anderson2002' on page 30 undefined on input line 443.


Package natbib Warning: Citation `Sedding2018' on page 30 undefined on input line 443.


Package natbib Warning: Citation `Nunes2021' on page 30 undefined on input line 443.


Package natbib Warning: Citation `Nunes2021' on page 30 undefined on input line 443.


Package natbib Warning: Citation `Pina2022' on page 30 undefined on input line 443.


Package natbib Warning: Citation `Pina2022' on page 30 undefined on input line 443.

LaTeX Info: Redefining \. on input line 444.
LaTeX Info: Redefining \% on input line 444.
[30]

Package natbib Warning: Citation `Thompson2004' on page 31 undefined on input line 450.


Package natbib Warning: Citation `Arthur1994' on page 31 undefined on input line 450.


Package natbib Warning: Citation `Gerber2017' on page 31 undefined on input line 450.


Package natbib Warning: Citation `Resh2010' on page 31 undefined on input line 452.


Package natbib Warning: Citation `Robinson1983' on page 31 undefined on input line 452.


Package natbib Warning: Citation `Ladin2014' on page 31 undefined on input line 452.


Package natbib Warning: Citation `Ng2005' on page 31 undefined on input line 452.

LaTeX Info: Redefining \. on input line 455.
LaTeX Info: Redefining \% on input line 455.
[31]

Package natbib Warning: Citation `PNUD2017' on page 32 undefined on input line 459.


Package natbib Warning: Citation `PNUD2017' on page 32 undefined on input line 459.


Package natbib Warning: Citation `Somma2020' on page 32 undefined on input line 459.

LaTeX Info: Redefining \. on input line 464.
LaTeX Info: Redefining \% on input line 464.
[32]
Cap\'{\i }tulo 4.
[33

] [34

]
Cap\'{\i }tulo 5.
LaTeX Font Info:    Trying to load font information for TS1+lmr on input line 492.
(c:/Users/Mar/AppData/Roaming/TinyTeX/texmf-dist/tex/latex/lm/ts1lmr.fd
File: ts1lmr.fd 2015/05/01 v1.6.1 Font defs for Latin Modern
)

LaTeX Warning: Reference `tab:tab-dep' on page 35 undefined on input line 492.


LaTeX Warning: Reference `tab:tab-dep' on page 35 undefined on input line 492.

[35]
LaTeX Font Info:    External font `lmex10' loaded for size
(Font)              <10> on input line 501.
LaTeX Font Info:    External font `lmex10' loaded for size
(Font)              <7> on input line 501.
LaTeX Font Info:    External font `lmex10' loaded for size
(Font)              <5> on input line 501.

Overfull \vbox (24.0pt too high) detected at line 517
 []


Overfull \vbox (2.20007pt too high) detected at line 517
 []


LaTeX Warning: Reference `tab:tab-indep' on page 36 undefined on input line 527.


LaTeX Warning: Reference `eq:jef' on page 36 undefined on input line 527.


Package natbib Warning: Citation `Jasso1980' on page 36 undefined on input line 527.


Package natbib Warning: Citation `Verwiebe2000' on page 36 undefined on input line 527.


LaTeX Warning: Reference `eq:bj' on page 36 undefined on input line 527.

LaTeX Info: Redefining \. on input line 528.
LaTeX Info: Redefining \% on input line 528.
[36]
Overfull \vbox (12.0pt too high) detected at line 570
 []


Overfull \hbox (3.48367pt too wide) in paragraph at lines 570--570
\T1/lmr/m/n/10 desventajados|  
 []


Overfull \vbox (12.0pt too high) detected at line 570
 []


LaTeX Warning: `!h' float specifier changed to `!ht'.

LaTeX Info: Redefining \. on input line 588.
LaTeX Info: Redefining \% on input line 588.
[37]
Underfull \vbox (badness 10000) has occurred while \output is active []

LaTeX Info: Redefining \. on input line 590.
LaTeX Info: Redefining \% on input line 590.
[38]
Cap\'{\i }tulo 6.
[39

] [40

]
Cap\'{\i }tulo 7.
[41] [42

]
No file tesis.bbl.

Package natbib Warning: There were undefined citations.

[43] (./tesis.aux
LaTeX Info: Redefining \. on input line 23.
LaTeX Info: Redefining \% on input line 23.
)

LaTeX Warning: There were undefined references.


LaTeX Warning: Label(s) may have changed. Rerun to get cross-references right.


Package rerunfilecheck Warning: File `tesis.out' has changed.
(rerunfilecheck)                Rerun to get outlines right
(rerunfilecheck)                or use package `bookmark'.

Package rerunfilecheck Info: Checksums for `tesis.out':
(rerunfilecheck)             Before: <no file>
(rerunfilecheck)             After:  D8855508CED69085E40BAAFAB05D84C5;2459.
 ) 
Here is how much of TeX's memory you used:
 16038 strings out of 480242
 263174 string characters out of 5892095
 560545 words of memory out of 5000000
 33533 multiletter control sequences out of 15000+600000
 535905 words of font info for 81 fonts, out of 8000000 for 9000
 14 hyphenation exceptions out of 8191
 72i,16n,77p,2656b,508s stack positions out of 10000i,1000n,20000p,200000b,200000s
{c:/Users/Mar/AppData/Roaming/TinyTeX/texmf-dist/fonts/enc/dvips/lm/lm-mathsy.enc}{c:/Users/Mar/AppData/Roaming/TinyTeX/texmf-dist/fonts/enc/dvips/lm/lm-mathit.enc}{c:/Users/Mar/AppData/Roaming/TinyTeX/texmf-dist/fonts/enc/dvips/lm/lm-ec.enc}{c:/Users/Mar/AppData/Roaming/TinyTeX/texmf-dist/fonts/enc/dvips/lm/lm-ts1.enc}{c:/Users/Mar/AppData/Roaming/TinyTeX/texmf-dist/fonts/enc/dvips/lm/lm-rm.enc}<c:/Users/Mar/AppData/Roaming/TinyTeX/texmf-dist/fonts/type1/public/lm/lmbx12.pfb><c:/Users/Mar/AppData/Roaming/TinyTeX/texmf-dist/fonts/type1/public/lm/lmmi12.pfb><c:/Users/Mar/AppData/Roaming/TinyTeX/texmf-dist/fonts/type1/public/lm/lmmi8.pfb><c:/Users/Mar/AppData/Roaming/TinyTeX/texmf-dist/fonts/type1/public/lm/lmr10.pfb><c:/Users/Mar/AppData/Roaming/TinyTeX/texmf-dist/fonts/type1/public/lm/lmr12.pfb><c:/Users/Mar/AppData/Roaming/TinyTeX/texmf-dist/fonts/type1/public/lm/lmri12.pfb><c:/Users/Mar/AppData/Roaming/TinyTeX/texmf-dist/fonts/type1/public/lm/lmro12.pfb><c:/Users/Mar/AppData/Roaming/TinyTeX/texmf-dist/fonts/type1/public/lm/lmsy10.pfb>
Output written on tesis.pdf (51 pages, 392752 bytes).
PDF statistics:
 385 PDF objects out of 1000 (max. 8388607)
 295 compressed objects within 3 object streams
 119 named destinations out of 1000 (max. 500000)
 41 words of extra memory for PDF output out of 10000 (max. 10000000)

